{"D:\\Development\\ReactNative\\myNotes\\jest\\setup.js": {"path":"D:\\Development\\ReactNative\\myNotes\\jest\\setup.js","statementMap":{"0":{"start":{"line":1,"column":42},"end":{"line":1,"column":97}},"1":{"start":{"line":1,"column":112},"end":{"line":1,"column":129}},"2":{"start":{"line":2,"column":26},"end":{"line":2,"column":84}},"3":{"start":{"line":4,"column":0},"end":{"line":4,"column":71}}},"fnMap":{},"branchMap":{},"s":{"0":5,"1":5,"2":5,"3":5},"f":{},"b":{},"_coverageSchema":"332fd63041d2c1bcb487cc26dd0d5f7d97098a6c","hash":"9e7955662a2922a8f31c9f25fb7f9d4981af39c7"}
,"D:\\Development\\ReactNative\\myNotes\\src\\components\\ColorPicker\\index.js": {"path":"D:\\Development\\ReactNative\\myNotes\\src\\components\\ColorPicker\\index.js","statementMap":{"0":{"start":{"line":1,"column":42},"end":{"line":1,"column":97}},"1":{"start":{"line":1,"column":98},"end":{"line":1,"column":160}},"2":{"start":{"line":1,"column":160},"end":{"line":1,"column":185}},"3":{"start":{"line":1,"column":208},"end":{"line":1,"column":280}},"4":{"start":{"line":1,"column":301},"end":{"line":1,"column":370}},"5":{"start":{"line":1,"column":405},"end":{"line":1,"column":488}},"6":{"start":{"line":1,"column":512},"end":{"line":1,"column":584}},"7":{"start":{"line":1,"column":602},"end":{"line":1,"column":668}},"8":{"start":{"line":1,"column":682},"end":{"line":1,"column":722}},"9":{"start":{"line":2,"column":19},"end":{"line":2,"column":42}},"10":{"start":{"line":3,"column":31},"end":{"line":3,"column":92}},"11":{"start":{"line":4,"column":13},"end":{"line":4,"column":35}},"12":{"start":{"line":4,"column":55},"end":{"line":4,"column":134}},"13":{"start":{"line":6,"column":24},"end":{"line":29,"column":66}},"14":{"start":{"line":6,"column":53},"end":{"line":6,"column":118}},"15":{"start":{"line":6,"column":152},"end":{"line":6,"column":211}},"16":{"start":{"line":6,"column":211},"end":{"line":6,"column":342}},"17":{"start":{"line":6,"column":343},"end":{"line":29,"column":10}},"18":{"start":{"line":8,"column":6},"end":{"line":10,"column":7}},"19":{"start":{"line":9,"column":8},"end":{"line":9,"column":63}},"20":{"start":{"line":20,"column":6},"end":{"line":26,"column":190}},"21":{"start":{"line":29,"column":10},"end":{"line":29,"column":39}},"22":{"start":{"line":32,"column":0},"end":{"line":32,"column":21}},"23":{"start":{"line":32,"column":22},"end":{"line":32,"column":49}}},"fnMap":{"0":{"name":"(anonymous_0)","decl":{"start":{"line":6,"column":24},"end":{"line":6,"column":25}},"loc":{"start":{"line":6,"column":52},"end":{"line":29,"column":40}},"line":6},"1":{"name":"ControlledColorPicker","decl":{"start":{"line":6,"column":127},"end":{"line":6,"column":148}},"loc":{"start":{"line":6,"column":151},"end":{"line":6,"column":343}},"line":6},"2":{"name":"componentDidMount","decl":{"start":{"line":6,"column":438},"end":{"line":6,"column":455}},"loc":{"start":{"line":7,"column":4},"end":{"line":11,"column":5}},"line":7},"3":{"name":"render","decl":{"start":{"line":11,"column":42},"end":{"line":11,"column":48}},"loc":{"start":{"line":19,"column":4},"end":{"line":29,"column":5}},"line":19}},"branchMap":{"0":{"loc":{"start":{"line":8,"column":6},"end":{"line":10,"column":7}},"type":"if","locations":[{"start":{"line":8,"column":6},"end":{"line":10,"column":7}},{"start":{"line":8,"column":6},"end":{"line":10,"column":7}}],"line":8},"1":{"loc":{"start":{"line":8,"column":10},"end":{"line":8,"column":50}},"type":"binary-expr","locations":[{"start":{"line":8,"column":10},"end":{"line":8,"column":27}},{"start":{"line":8,"column":31},"end":{"line":8,"column":50}}],"line":8}},"s":{"0":1,"1":1,"2":1,"3":1,"4":1,"5":1,"6":1,"7":1,"8":1,"9":1,"10":1,"11":1,"12":1,"13":1,"14":1,"15":3,"16":3,"17":1,"18":3,"19":2,"20":3,"21":1,"22":1,"23":1},"f":{"0":1,"1":3,"2":3,"3":3},"b":{"0":[2,1],"1":[3,2]},"_coverageSchema":"332fd63041d2c1bcb487cc26dd0d5f7d97098a6c","hash":"ca139178c92f8e72dc452ce50a8717ba3a1c4010"}
,"D:\\Development\\ReactNative\\myNotes\\src\\components\\Header\\index.js": {"path":"D:\\Development\\ReactNative\\myNotes\\src\\components\\Header\\index.js","statementMap":{"0":{"start":{"line":1,"column":42},"end":{"line":1,"column":97}},"1":{"start":{"line":1,"column":98},"end":{"line":1,"column":160}},"2":{"start":{"line":1,"column":160},"end":{"line":1,"column":185}},"3":{"start":{"line":1,"column":198},"end":{"line":1,"column":238}},"4":{"start":{"line":2,"column":19},"end":{"line":2,"column":42}},"5":{"start":{"line":3,"column":13},"end":{"line":3,"column":35}},"6":{"start":{"line":4,"column":27},"end":{"line":4,"column":59}},"7":{"start":{"line":4,"column":79},"end":{"line":4,"column":153}},"8":{"start":{"line":6,"column":13},"end":{"line":23,"column":24}},"9":{"start":{"line":29,"column":2},"end":{"line":39,"column":93}},"10":{"start":{"line":47,"column":0},"end":{"line":47,"column":6}},"11":{"start":{"line":47,"column":7},"end":{"line":47,"column":34}}},"fnMap":{"0":{"name":"Header","decl":{"start":{"line":28,"column":9},"end":{"line":28,"column":15}},"loc":{"start":{"line":28,"column":23},"end":{"line":45,"column":1}},"line":28}},"branchMap":{"0":{"loc":{"start":{"line":32,"column":4},"end":{"line":39,"column":90}},"type":"binary-expr","locations":[{"start":{"line":32,"column":4},"end":{"line":32,"column":19}},{"start":{"line":33,"column":4},"end":{"line":39,"column":90}}],"line":32}},"s":{"0":1,"1":1,"2":1,"3":1,"4":1,"5":1,"6":1,"7":1,"8":1,"9":2,"10":1,"11":1},"f":{"0":2},"b":{"0":[2,1]},"_coverageSchema":"332fd63041d2c1bcb487cc26dd0d5f7d97098a6c","hash":"a49cbeca67828e496dcedb684b41095e92120bb5"}
,"D:\\Development\\ReactNative\\myNotes\\src\\screens\\NoteCard.js": {"path":"D:\\Development\\ReactNative\\myNotes\\src\\screens\\NoteCard.js","statementMap":{"0":{"start":{"line":1,"column":42},"end":{"line":1,"column":97}},"1":{"start":{"line":1,"column":98},"end":{"line":1,"column":160}},"2":{"start":{"line":1,"column":160},"end":{"line":1,"column":185}},"3":{"start":{"line":1,"column":198},"end":{"line":1,"column":238}},"4":{"start":{"line":2,"column":19},"end":{"line":2,"column":42}},"5":{"start":{"line":3,"column":27},"end":{"line":3,"column":59}},"6":{"start":{"line":4,"column":13},"end":{"line":4,"column":32}},"7":{"start":{"line":4,"column":52},"end":{"line":4,"column":118}},"8":{"start":{"line":6,"column":13},"end":{"line":45,"column":38}},"9":{"start":{"line":50,"column":2},"end":{"line":50,"column":12}},"10":{"start":{"line":50,"column":21},"end":{"line":50,"column":38}},"11":{"start":{"line":50,"column":46},"end":{"line":50,"column":62}},"12":{"start":{"line":50,"column":71},"end":{"line":50,"column":88}},"13":{"start":{"line":51,"column":17},"end":{"line":57,"column":3}},"14":{"start":{"line":52,"column":23},"end":{"line":52,"column":112}},"15":{"start":{"line":52,"column":75},"end":{"line":52,"column":110}},"16":{"start":{"line":53,"column":20},"end":{"line":53,"column":73}},"17":{"start":{"line":54,"column":4},"end":{"line":55,"column":35}},"18":{"start":{"line":59,"column":2},"end":{"line":83,"column":145}},"19":{"start":{"line":89,"column":0},"end":{"line":89,"column":8}},"20":{"start":{"line":89,"column":9},"end":{"line":89,"column":36}}},"fnMap":{"0":{"name":"NoteCard","decl":{"start":{"line":49,"column":9},"end":{"line":49,"column":17}},"loc":{"start":{"line":49,"column":25},"end":{"line":87,"column":1}},"line":49},"1":{"name":"addColor","decl":{"start":{"line":51,"column":26},"end":{"line":51,"column":34}},"loc":{"start":{"line":51,"column":37},"end":{"line":57,"column":3}},"line":51},"2":{"name":"(anonymous_2)","decl":{"start":{"line":52,"column":59},"end":{"line":52,"column":60}},"loc":{"start":{"line":52,"column":74},"end":{"line":52,"column":111}},"line":52}},"branchMap":{"0":{"loc":{"start":{"line":53,"column":20},"end":{"line":53,"column":73}},"type":"cond-expr","locations":[{"start":{"line":53,"column":35},"end":{"line":53,"column":40}},{"start":{"line":53,"column":43},"end":{"line":53,"column":73}}],"line":53}},"s":{"0":1,"1":1,"2":1,"3":1,"4":1,"5":1,"6":1,"7":1,"8":1,"9":2,"10":2,"11":2,"12":2,"13":2,"14":2,"15":10,"16":2,"17":2,"18":2,"19":1,"20":1},"f":{"0":2,"1":2,"2":10},"b":{"0":[1,1]},"_coverageSchema":"332fd63041d2c1bcb487cc26dd0d5f7d97098a6c","hash":"e2a0b779970b29a2ca69e9cc58e4ddd0ee171326"}
,"D:\\Development\\ReactNative\\myNotes\\src\\screens\\actionCreators.js": {"path":"D:\\Development\\ReactNative\\myNotes\\src\\screens\\actionCreators.js","statementMap":{"0":{"start":{"line":1,"column":13},"end":{"line":1,"column":75}},"1":{"start":{"line":1,"column":75},"end":{"line":1,"column":141}},"2":{"start":{"line":1,"column":160},"end":{"line":1,"column":184}},"3":{"start":{"line":3,"column":16},"end":{"line":9,"column":24}},"4":{"start":{"line":3,"column":61},"end":{"line":9,"column":23}},"5":{"start":{"line":9,"column":25},"end":{"line":9,"column":55}},"6":{"start":{"line":12,"column":16},"end":{"line":12,"column":80}},"7":{"start":{"line":12,"column":38},"end":{"line":12,"column":79}},"8":{"start":{"line":12,"column":81},"end":{"line":12,"column":111}},"9":{"start":{"line":13,"column":15},"end":{"line":13,"column":98}},"10":{"start":{"line":13,"column":41},"end":{"line":13,"column":97}},"11":{"start":{"line":13,"column":99},"end":{"line":13,"column":127}}},"fnMap":{"0":{"name":"showModal","decl":{"start":{"line":3,"column":25},"end":{"line":3,"column":34}},"loc":{"start":{"line":3,"column":60},"end":{"line":9,"column":24}},"line":3},"1":{"name":"hideModal","decl":{"start":{"line":12,"column":25},"end":{"line":12,"column":34}},"loc":{"start":{"line":12,"column":37},"end":{"line":12,"column":80}},"line":12},"2":{"name":"setColor","decl":{"start":{"line":13,"column":24},"end":{"line":13,"column":32}},"loc":{"start":{"line":13,"column":40},"end":{"line":13,"column":98}},"line":13}},"branchMap":{},"s":{"0":1,"1":1,"2":1,"3":1,"4":1,"5":1,"6":1,"7":1,"8":1,"9":1,"10":1,"11":1},"f":{"0":1,"1":1,"2":1},"b":{},"_coverageSchema":"332fd63041d2c1bcb487cc26dd0d5f7d97098a6c","hash":"d657fc0aab0d68f33e77e8063f3b8b20100aa1bf"}
,"D:\\Development\\ReactNative\\myNotes\\src\\screens\\actionTypes.js": {"path":"D:\\Development\\ReactNative\\myNotes\\src\\screens\\actionTypes.js","statementMap":{"0":{"start":{"line":1,"column":13},"end":{"line":1,"column":75}},"1":{"start":{"line":1,"column":75},"end":{"line":1,"column":144}},"2":{"start":{"line":1,"column":157},"end":{"line":1,"column":164}},"3":{"start":{"line":3,"column":17},"end":{"line":3,"column":39}},"4":{"start":{"line":3,"column":40},"end":{"line":3,"column":72}},"5":{"start":{"line":4,"column":17},"end":{"line":4,"column":39}},"6":{"start":{"line":4,"column":40},"end":{"line":4,"column":72}},"7":{"start":{"line":5,"column":16},"end":{"line":5,"column":37}},"8":{"start":{"line":5,"column":38},"end":{"line":5,"column":68}}},"fnMap":{},"branchMap":{},"s":{"0":2,"1":2,"2":2,"3":2,"4":2,"5":2,"6":2,"7":2,"8":2},"f":{},"b":{},"_coverageSchema":"332fd63041d2c1bcb487cc26dd0d5f7d97098a6c","hash":"db9da2b479154048fe64869dbb2286a5ffe59ee7"}
,"D:\\Development\\ReactNative\\myNotes\\src\\screens\\reducers.js": {"path":"D:\\Development\\ReactNative\\myNotes\\src\\screens\\reducers.js","statementMap":{"0":{"start":{"line":1,"column":42},"end":{"line":1,"column":97}},"1":{"start":{"line":1,"column":98},"end":{"line":1,"column":160}},"2":{"start":{"line":1,"column":160},"end":{"line":1,"column":209}},"3":{"start":{"line":1,"column":230},"end":{"line":1,"column":300}},"4":{"start":{"line":1,"column":320},"end":{"line":1,"column":344}},"5":{"start":{"line":3,"column":20},"end":{"line":8,"column":13}},"6":{"start":{"line":8,"column":14},"end":{"line":8,"column":52}},"7":{"start":{"line":11,"column":0},"end":{"line":22,"column":1}},"8":{"start":{"line":11,"column":33},"end":{"line":11,"column":114}},"9":{"start":{"line":11,"column":128},"end":{"line":11,"column":175}},"10":{"start":{"line":12,"column":2},"end":{"line":20,"column":20}},"11":{"start":{"line":14,"column":6},"end":{"line":14,"column":89}},"12":{"start":{"line":16,"column":6},"end":{"line":16,"column":74}},"13":{"start":{"line":18,"column":6},"end":{"line":18,"column":79}},"14":{"start":{"line":20,"column":6},"end":{"line":20,"column":19}},"15":{"start":{"line":22,"column":2},"end":{"line":22,"column":29}}},"fnMap":{"0":{"name":"_default","decl":{"start":{"line":11,"column":9},"end":{"line":11,"column":17}},"loc":{"start":{"line":11,"column":20},"end":{"line":22,"column":1}},"line":11}},"branchMap":{"0":{"loc":{"start":{"line":11,"column":33},"end":{"line":11,"column":114}},"type":"cond-expr","locations":[{"start":{"line":11,"column":86},"end":{"line":11,"column":98}},{"start":{"line":11,"column":101},"end":{"line":11,"column":114}}],"line":11},"1":{"loc":{"start":{"line":11,"column":33},"end":{"line":11,"column":83}},"type":"binary-expr","locations":[{"start":{"line":11,"column":33},"end":{"line":11,"column":53}},{"start":{"line":11,"column":57},"end":{"line":11,"column":83}}],"line":11},"2":{"loc":{"start":{"line":11,"column":128},"end":{"line":11,"column":175}},"type":"cond-expr","locations":[{"start":{"line":11,"column":151},"end":{"line":11,"column":163}},{"start":{"line":11,"column":166},"end":{"line":11,"column":175}}],"line":11},"3":{"loc":{"start":{"line":12,"column":2},"end":{"line":20,"column":20}},"type":"switch","locations":[{"start":{"line":13,"column":4},"end":{"line":14,"column":89}},{"start":{"line":15,"column":4},"end":{"line":16,"column":74}},{"start":{"line":17,"column":4},"end":{"line":18,"column":79}},{"start":{"line":19,"column":4},"end":{"line":20,"column":19}}],"line":12}},"s":{"0":1,"1":1,"2":1,"3":1,"4":1,"5":1,"6":1,"7":1,"8":4,"9":4,"10":4,"11":1,"12":1,"13":1,"14":1,"15":1},"f":{"0":4},"b":{"0":[3,1],"1":[4,4],"2":[4,0],"3":[1,1,1,1]},"_coverageSchema":"332fd63041d2c1bcb487cc26dd0d5f7d97098a6c","hash":"3feb33222f2ee5a6868f4097eb7454b7efef8df1"}
,"D:\\Development\\ReactNative\\myNotes\\src\\theme\\index.js": {"path":"D:\\Development\\ReactNative\\myNotes\\src\\theme\\index.js","statementMap":{"0":{"start":{"line":1,"column":13},"end":{"line":1,"column":75}},"1":{"start":{"line":1,"column":75},"end":{"line":1,"column":157}},"2":{"start":{"line":1,"column":184},"end":{"line":1,"column":216}},"3":{"start":{"line":3,"column":13},"end":{"line":15,"column":30}},"4":{"start":{"line":15,"column":31},"end":{"line":15,"column":55}},"5":{"start":{"line":18,"column":14},"end":{"line":22,"column":16}},"6":{"start":{"line":22,"column":17},"end":{"line":22,"column":43}},"7":{"start":{"line":25,"column":16},"end":{"line":26,"column":33}},"8":{"start":{"line":26,"column":34},"end":{"line":26,"column":64}},"9":{"start":{"line":29,"column":16},"end":{"line":32,"column":20}},"10":{"start":{"line":32,"column":21},"end":{"line":32,"column":51}}},"fnMap":{},"branchMap":{},"s":{"0":3,"1":3,"2":3,"3":3,"4":3,"5":3,"6":3,"7":3,"8":3,"9":3,"10":3},"f":{},"b":{},"_coverageSchema":"332fd63041d2c1bcb487cc26dd0d5f7d97098a6c","hash":"caba03940fe0f7833e489c0dce66759747542d65"}
}
