{"D:\\Arsalwali\\Development\\ReactNative\\myNotes\\jest\\setup.js": {"path":"D:\\Arsalwali\\Development\\ReactNative\\myNotes\\jest\\setup.js","statementMap":{"0":{"start":{"line":1,"column":42},"end":{"line":1,"column":97}},"1":{"start":{"line":1,"column":112},"end":{"line":1,"column":129}},"2":{"start":{"line":2,"column":26},"end":{"line":2,"column":84}},"3":{"start":{"line":4,"column":0},"end":{"line":4,"column":71}}},"fnMap":{},"branchMap":{},"s":{"0":9,"1":9,"2":9,"3":9},"f":{},"b":{},"_coverageSchema":"332fd63041d2c1bcb487cc26dd0d5f7d97098a6c","hash":"fb0d460aef8a70ed7846aa789783328414d0b781"}
,"D:\\Arsalwali\\Development\\ReactNative\\myNotes\\src\\components\\index.js": {"path":"D:\\Arsalwali\\Development\\ReactNative\\myNotes\\src\\components\\index.js","statementMap":{"0":{"start":{"line":1,"column":42},"end":{"line":1,"column":97}},"1":{"start":{"line":1,"column":98},"end":{"line":1,"column":160}},"2":{"start":{"line":1,"column":160},"end":{"line":1,"column":270}},"3":{"start":{"line":1,"column":242},"end":{"line":1,"column":265}},"4":{"start":{"line":1,"column":270},"end":{"line":1,"column":390}},"5":{"start":{"line":1,"column":357},"end":{"line":1,"column":385}},"6":{"start":{"line":1,"column":404},"end":{"line":1,"column":447}},"7":{"start":{"line":2,"column":19},"end":{"line":2,"column":67}}},"fnMap":{"0":{"name":"get","decl":{"start":{"line":1,"column":235},"end":{"line":1,"column":238}},"loc":{"start":{"line":1,"column":241},"end":{"line":1,"column":266}},"line":1},"1":{"name":"get","decl":{"start":{"line":1,"column":350},"end":{"line":1,"column":353}},"loc":{"start":{"line":1,"column":356},"end":{"line":1,"column":386}},"line":1}},"branchMap":{},"s":{"0":2,"1":2,"2":2,"3":10,"4":2,"5":20,"6":2,"7":2},"f":{"0":10,"1":20},"b":{},"_coverageSchema":"332fd63041d2c1bcb487cc26dd0d5f7d97098a6c","hash":"425c248764913dc74bb7ae58dad8d95b2a7ab258"}
,"D:\\Arsalwali\\Development\\ReactNative\\myNotes\\src\\components\\ColorPicker\\index.js": {"path":"D:\\Arsalwali\\Development\\ReactNative\\myNotes\\src\\components\\ColorPicker\\index.js","statementMap":{"0":{"start":{"line":1,"column":42},"end":{"line":1,"column":97}},"1":{"start":{"line":1,"column":98},"end":{"line":1,"column":160}},"2":{"start":{"line":1,"column":160},"end":{"line":1,"column":185}},"3":{"start":{"line":1,"column":208},"end":{"line":1,"column":280}},"4":{"start":{"line":1,"column":301},"end":{"line":1,"column":370}},"5":{"start":{"line":1,"column":405},"end":{"line":1,"column":488}},"6":{"start":{"line":1,"column":512},"end":{"line":1,"column":584}},"7":{"start":{"line":1,"column":602},"end":{"line":1,"column":668}},"8":{"start":{"line":1,"column":682},"end":{"line":1,"column":722}},"9":{"start":{"line":2,"column":19},"end":{"line":2,"column":42}},"10":{"start":{"line":3,"column":31},"end":{"line":3,"column":92}},"11":{"start":{"line":4,"column":13},"end":{"line":4,"column":35}},"12":{"start":{"line":4,"column":55},"end":{"line":4,"column":145}},"13":{"start":{"line":6,"column":24},"end":{"line":29,"column":66}},"14":{"start":{"line":6,"column":53},"end":{"line":6,"column":118}},"15":{"start":{"line":6,"column":152},"end":{"line":6,"column":211}},"16":{"start":{"line":6,"column":211},"end":{"line":6,"column":342}},"17":{"start":{"line":6,"column":343},"end":{"line":29,"column":10}},"18":{"start":{"line":8,"column":6},"end":{"line":10,"column":7}},"19":{"start":{"line":9,"column":8},"end":{"line":9,"column":63}},"20":{"start":{"line":20,"column":6},"end":{"line":26,"column":190}},"21":{"start":{"line":29,"column":10},"end":{"line":29,"column":39}},"22":{"start":{"line":32,"column":0},"end":{"line":32,"column":21}},"23":{"start":{"line":32,"column":22},"end":{"line":32,"column":49}}},"fnMap":{"0":{"name":"(anonymous_0)","decl":{"start":{"line":6,"column":24},"end":{"line":6,"column":25}},"loc":{"start":{"line":6,"column":52},"end":{"line":29,"column":40}},"line":6},"1":{"name":"ControlledColorPicker","decl":{"start":{"line":6,"column":127},"end":{"line":6,"column":148}},"loc":{"start":{"line":6,"column":151},"end":{"line":6,"column":343}},"line":6},"2":{"name":"componentDidMount","decl":{"start":{"line":6,"column":438},"end":{"line":6,"column":455}},"loc":{"start":{"line":7,"column":4},"end":{"line":11,"column":5}},"line":7},"3":{"name":"render","decl":{"start":{"line":11,"column":42},"end":{"line":11,"column":48}},"loc":{"start":{"line":19,"column":4},"end":{"line":29,"column":5}},"line":19}},"branchMap":{"0":{"loc":{"start":{"line":8,"column":6},"end":{"line":10,"column":7}},"type":"if","locations":[{"start":{"line":8,"column":6},"end":{"line":10,"column":7}},{"start":{"line":8,"column":6},"end":{"line":10,"column":7}}],"line":8},"1":{"loc":{"start":{"line":8,"column":10},"end":{"line":8,"column":50}},"type":"binary-expr","locations":[{"start":{"line":8,"column":10},"end":{"line":8,"column":27}},{"start":{"line":8,"column":31},"end":{"line":8,"column":50}}],"line":8}},"s":{"0":3,"1":3,"2":3,"3":3,"4":3,"5":3,"6":3,"7":3,"8":3,"9":3,"10":3,"11":3,"12":3,"13":3,"14":3,"15":3,"16":3,"17":3,"18":3,"19":2,"20":3,"21":3,"22":3,"23":3},"f":{"0":3,"1":3,"2":3,"3":3},"b":{"0":[2,1],"1":[3,2]},"_coverageSchema":"332fd63041d2c1bcb487cc26dd0d5f7d97098a6c","hash":"8d4e8db2c85ac385f4a8db845d0f5dc77b43566e"}
,"D:\\Arsalwali\\Development\\ReactNative\\myNotes\\src\\components\\Header\\index.js": {"path":"D:\\Arsalwali\\Development\\ReactNative\\myNotes\\src\\components\\Header\\index.js","statementMap":{"0":{"start":{"line":1,"column":42},"end":{"line":1,"column":97}},"1":{"start":{"line":1,"column":98},"end":{"line":1,"column":160}},"2":{"start":{"line":1,"column":160},"end":{"line":1,"column":185}},"3":{"start":{"line":1,"column":198},"end":{"line":1,"column":238}},"4":{"start":{"line":2,"column":19},"end":{"line":2,"column":42}},"5":{"start":{"line":3,"column":13},"end":{"line":3,"column":35}},"6":{"start":{"line":4,"column":27},"end":{"line":4,"column":59}},"7":{"start":{"line":4,"column":79},"end":{"line":4,"column":164}},"8":{"start":{"line":6,"column":13},"end":{"line":23,"column":24}},"9":{"start":{"line":29,"column":2},"end":{"line":39,"column":93}},"10":{"start":{"line":47,"column":0},"end":{"line":47,"column":6}},"11":{"start":{"line":47,"column":7},"end":{"line":47,"column":34}}},"fnMap":{"0":{"name":"Header","decl":{"start":{"line":28,"column":9},"end":{"line":28,"column":15}},"loc":{"start":{"line":28,"column":23},"end":{"line":45,"column":1}},"line":28}},"branchMap":{"0":{"loc":{"start":{"line":32,"column":4},"end":{"line":39,"column":90}},"type":"binary-expr","locations":[{"start":{"line":32,"column":4},"end":{"line":32,"column":19}},{"start":{"line":33,"column":4},"end":{"line":39,"column":90}}],"line":32}},"s":{"0":3,"1":3,"2":3,"3":3,"4":3,"5":3,"6":3,"7":3,"8":3,"9":2,"10":3,"11":3},"f":{"0":2},"b":{"0":[2,1]},"_coverageSchema":"332fd63041d2c1bcb487cc26dd0d5f7d97098a6c","hash":"287c1726292e8ce60c1573b3d921c751a381b574"}
,"D:\\Arsalwali\\Development\\ReactNative\\myNotes\\src\\core\\actionCreators\\firebase.js": {"path":"D:\\Arsalwali\\Development\\ReactNative\\myNotes\\src\\core\\actionCreators\\firebase.js","statementMap":{"0":{"start":{"line":1,"column":13},"end":{"line":1,"column":75}},"1":{"start":{"line":1,"column":75},"end":{"line":1,"column":140}},"2":{"start":{"line":1,"column":156},"end":{"line":1,"column":190}},"3":{"start":{"line":3,"column":14},"end":{"line":5,"column":24}},"4":{"start":{"line":3,"column":41},"end":{"line":5,"column":23}},"5":{"start":{"line":5,"column":25},"end":{"line":5,"column":51}},"6":{"start":{"line":8,"column":15},"end":{"line":10,"column":24}},"7":{"start":{"line":8,"column":43},"end":{"line":10,"column":23}},"8":{"start":{"line":10,"column":25},"end":{"line":10,"column":53}},"9":{"start":{"line":13,"column":17},"end":{"line":15,"column":24}},"10":{"start":{"line":13,"column":47},"end":{"line":15,"column":23}},"11":{"start":{"line":15,"column":25},"end":{"line":15,"column":57}}},"fnMap":{"0":{"name":"addNote","decl":{"start":{"line":3,"column":23},"end":{"line":3,"column":30}},"loc":{"start":{"line":3,"column":40},"end":{"line":5,"column":24}},"line":3},"1":{"name":"editNote","decl":{"start":{"line":8,"column":24},"end":{"line":8,"column":32}},"loc":{"start":{"line":8,"column":42},"end":{"line":10,"column":24}},"line":8},"2":{"name":"deleteNote","decl":{"start":{"line":13,"column":26},"end":{"line":13,"column":36}},"loc":{"start":{"line":13,"column":46},"end":{"line":15,"column":24}},"line":13}},"branchMap":{},"s":{"0":3,"1":3,"2":3,"3":3,"4":1,"5":3,"6":3,"7":1,"8":3,"9":3,"10":1,"11":3},"f":{"0":1,"1":1,"2":1},"b":{},"_coverageSchema":"332fd63041d2c1bcb487cc26dd0d5f7d97098a6c","hash":"e0030f0685979dd3cfefd8fac2ec82a360affcf3"}
,"D:\\Arsalwali\\Development\\ReactNative\\myNotes\\src\\core\\actionTypes\\firebase.js": {"path":"D:\\Arsalwali\\Development\\ReactNative\\myNotes\\src\\core\\actionTypes\\firebase.js","statementMap":{"0":{"start":{"line":1,"column":13},"end":{"line":1,"column":75}},"1":{"start":{"line":1,"column":75},"end":{"line":1,"column":143}},"2":{"start":{"line":1,"column":156},"end":{"line":1,"column":166}},"3":{"start":{"line":3,"column":15},"end":{"line":3,"column":35}},"4":{"start":{"line":3,"column":36},"end":{"line":3,"column":64}},"5":{"start":{"line":4,"column":16},"end":{"line":4,"column":37}},"6":{"start":{"line":4,"column":38},"end":{"line":4,"column":68}},"7":{"start":{"line":5,"column":18},"end":{"line":5,"column":41}},"8":{"start":{"line":5,"column":42},"end":{"line":5,"column":76}}},"fnMap":{},"branchMap":{},"s":{"0":4,"1":4,"2":4,"3":4,"4":4,"5":4,"6":4,"7":4,"8":4},"f":{},"b":{},"_coverageSchema":"332fd63041d2c1bcb487cc26dd0d5f7d97098a6c","hash":"79458d39a397fd6c00d01fbfdefa6989e6942f31"}
,"D:\\Arsalwali\\Development\\ReactNative\\myNotes\\src\\core\\sagas\\firebase.js": {"path":"D:\\Arsalwali\\Development\\ReactNative\\myNotes\\src\\core\\sagas\\firebase.js","statementMap":{"0":{"start":{"line":1,"column":42},"end":{"line":1,"column":97}},"1":{"start":{"line":1,"column":98},"end":{"line":1,"column":160}},"2":{"start":{"line":1,"column":160},"end":{"line":1,"column":196}},"3":{"start":{"line":1,"column":196},"end":{"line":1,"column":234}},"4":{"start":{"line":1,"column":253},"end":{"line":1,"column":314}},"5":{"start":{"line":1,"column":330},"end":{"line":1,"column":359}},"6":{"start":{"line":2,"column":27},"end":{"line":2,"column":83}},"7":{"start":{"line":3,"column":16},"end":{"line":3,"column":50}},"8":{"start":{"line":3,"column":65},"end":{"line":5,"column":13}},"9":{"start":{"line":5,"column":25},"end":{"line":10,"column":14}},"10":{"start":{"line":10,"column":49},"end":{"line":10,"column":439}},"11":{"start":{"line":10,"column":116},"end":{"line":10,"column":421}},"12":{"start":{"line":10,"column":127},"end":{"line":10,"column":420}},"13":{"start":{"line":10,"column":174},"end":{"line":10,"column":242}},"14":{"start":{"line":10,"column":242},"end":{"line":10,"column":260}},"15":{"start":{"line":10,"column":260},"end":{"line":10,"column":378}},"16":{"start":{"line":10,"column":396},"end":{"line":10,"column":419}},"17":{"start":{"line":10,"column":523},"end":{"line":30,"column":74}},"18":{"start":{"line":10,"column":592},"end":{"line":30,"column":55}},"19":{"start":{"line":10,"column":603},"end":{"line":30,"column":54}},"20":{"start":{"line":10,"column":652},"end":{"line":11,"column":143}},"21":{"start":{"line":12,"column":10},"end":{"line":30,"column":11}},"22":{"start":{"line":13,"column":12},"end":{"line":18,"column":72}},"23":{"start":{"line":17,"column":30},"end":{"line":17,"column":65}},"24":{"start":{"line":18,"column":36},"end":{"line":18,"column":69}},"25":{"start":{"line":19,"column":17},"end":{"line":30,"column":11}},"26":{"start":{"line":20,"column":12},"end":{"line":25,"column":73}},"27":{"start":{"line":24,"column":30},"end":{"line":24,"column":66}},"28":{"start":{"line":25,"column":36},"end":{"line":25,"column":70}},"29":{"start":{"line":26,"column":17},"end":{"line":30,"column":11}},"30":{"start":{"line":27,"column":12},"end":{"line":29,"column":75}},"31":{"start":{"line":28,"column":30},"end":{"line":28,"column":68}},"32":{"start":{"line":29,"column":36},"end":{"line":29,"column":72}},"33":{"start":{"line":30,"column":29},"end":{"line":30,"column":53}}},"fnMap":{"0":{"name":"firebaseSaga","decl":{"start":{"line":10,"column":24},"end":{"line":10,"column":36}},"loc":{"start":{"line":10,"column":39},"end":{"line":10,"column":440}},"line":10},"1":{"name":"firebaseSaga$","decl":{"start":{"line":10,"column":91},"end":{"line":10,"column":104}},"loc":{"start":{"line":10,"column":115},"end":{"line":10,"column":422}},"line":10},"2":{"name":"callFirestore","decl":{"start":{"line":10,"column":449},"end":{"line":10,"column":462}},"loc":{"start":{"line":10,"column":477},"end":{"line":30,"column":75}},"line":10},"3":{"name":"callFirestore$","decl":{"start":{"line":10,"column":565},"end":{"line":10,"column":579}},"loc":{"start":{"line":10,"column":591},"end":{"line":30,"column":56}},"line":10},"4":{"name":"(anonymous_4)","decl":{"start":{"line":17,"column":17},"end":{"line":17,"column":18}},"loc":{"start":{"line":17,"column":29},"end":{"line":17,"column":66}},"line":17},"5":{"name":"(anonymous_5)","decl":{"start":{"line":18,"column":18},"end":{"line":18,"column":19}},"loc":{"start":{"line":18,"column":35},"end":{"line":18,"column":70}},"line":18},"6":{"name":"(anonymous_6)","decl":{"start":{"line":24,"column":17},"end":{"line":24,"column":18}},"loc":{"start":{"line":24,"column":29},"end":{"line":24,"column":67}},"line":24},"7":{"name":"(anonymous_7)","decl":{"start":{"line":25,"column":18},"end":{"line":25,"column":19}},"loc":{"start":{"line":25,"column":35},"end":{"line":25,"column":71}},"line":25},"8":{"name":"(anonymous_8)","decl":{"start":{"line":28,"column":17},"end":{"line":28,"column":18}},"loc":{"start":{"line":28,"column":29},"end":{"line":28,"column":69}},"line":28},"9":{"name":"(anonymous_9)","decl":{"start":{"line":29,"column":18},"end":{"line":29,"column":19}},"loc":{"start":{"line":29,"column":35},"end":{"line":29,"column":73}},"line":29}},"branchMap":{"0":{"loc":{"start":{"line":10,"column":127},"end":{"line":10,"column":420}},"type":"switch","locations":[{"start":{"line":10,"column":167},"end":{"line":10,"column":378}},{"start":{"line":10,"column":378},"end":{"line":10,"column":385}},{"start":{"line":10,"column":385},"end":{"line":10,"column":419}}],"line":10},"1":{"loc":{"start":{"line":10,"column":603},"end":{"line":30,"column":54}},"type":"switch","locations":[{"start":{"line":10,"column":645},"end":{"line":30,"column":11}},{"start":{"line":30,"column":11},"end":{"line":30,"column":18}},{"start":{"line":30,"column":18},"end":{"line":30,"column":53}}],"line":10},"2":{"loc":{"start":{"line":12,"column":10},"end":{"line":30,"column":11}},"type":"if","locations":[{"start":{"line":12,"column":10},"end":{"line":30,"column":11}},{"start":{"line":12,"column":10},"end":{"line":30,"column":11}}],"line":12},"3":{"loc":{"start":{"line":19,"column":17},"end":{"line":30,"column":11}},"type":"if","locations":[{"start":{"line":19,"column":17},"end":{"line":30,"column":11}},{"start":{"line":19,"column":17},"end":{"line":30,"column":11}}],"line":19},"4":{"loc":{"start":{"line":26,"column":17},"end":{"line":30,"column":11}},"type":"if","locations":[{"start":{"line":26,"column":17},"end":{"line":30,"column":11}},{"start":{"line":26,"column":17},"end":{"line":30,"column":11}}],"line":26}},"s":{"0":1,"1":1,"2":1,"3":1,"4":1,"5":1,"6":1,"7":1,"8":1,"9":1,"10":1,"11":1,"12":1,"13":1,"14":1,"15":1,"16":0,"17":4,"18":4,"19":4,"20":4,"21":4,"22":1,"23":0,"24":0,"25":3,"26":1,"27":0,"28":0,"29":2,"30":1,"31":0,"32":0,"33":4},"f":{"0":1,"1":1,"2":4,"3":4,"4":0,"5":0,"6":0,"7":0,"8":0,"9":0},"b":{"0":[1,0,0],"1":[4,4,4],"2":[1,3],"3":[1,2],"4":[1,1]},"_coverageSchema":"332fd63041d2c1bcb487cc26dd0d5f7d97098a6c","hash":"42b22ab71377b32cbbe1d84a2881c7f13936a8e7"}
,"D:\\Arsalwali\\Development\\ReactNative\\myNotes\\src\\screens\\NoteCard.js": {"path":"D:\\Arsalwali\\Development\\ReactNative\\myNotes\\src\\screens\\NoteCard.js","statementMap":{"0":{"start":{"line":1,"column":42},"end":{"line":1,"column":97}},"1":{"start":{"line":1,"column":98},"end":{"line":1,"column":160}},"2":{"start":{"line":1,"column":160},"end":{"line":1,"column":185}},"3":{"start":{"line":1,"column":198},"end":{"line":1,"column":238}},"4":{"start":{"line":2,"column":19},"end":{"line":2,"column":42}},"5":{"start":{"line":3,"column":27},"end":{"line":3,"column":59}},"6":{"start":{"line":4,"column":13},"end":{"line":4,"column":32}},"7":{"start":{"line":4,"column":52},"end":{"line":4,"column":129}},"8":{"start":{"line":6,"column":13},"end":{"line":45,"column":38}},"9":{"start":{"line":50,"column":2},"end":{"line":50,"column":12}},"10":{"start":{"line":50,"column":21},"end":{"line":50,"column":38}},"11":{"start":{"line":50,"column":46},"end":{"line":50,"column":62}},"12":{"start":{"line":50,"column":71},"end":{"line":50,"column":88}},"13":{"start":{"line":51,"column":17},"end":{"line":57,"column":3}},"14":{"start":{"line":52,"column":23},"end":{"line":52,"column":112}},"15":{"start":{"line":52,"column":75},"end":{"line":52,"column":110}},"16":{"start":{"line":53,"column":20},"end":{"line":53,"column":73}},"17":{"start":{"line":54,"column":4},"end":{"line":55,"column":35}},"18":{"start":{"line":59,"column":2},"end":{"line":83,"column":145}},"19":{"start":{"line":89,"column":0},"end":{"line":89,"column":8}},"20":{"start":{"line":89,"column":9},"end":{"line":89,"column":36}}},"fnMap":{"0":{"name":"NoteCard","decl":{"start":{"line":49,"column":9},"end":{"line":49,"column":17}},"loc":{"start":{"line":49,"column":25},"end":{"line":87,"column":1}},"line":49},"1":{"name":"addColor","decl":{"start":{"line":51,"column":26},"end":{"line":51,"column":34}},"loc":{"start":{"line":51,"column":37},"end":{"line":57,"column":3}},"line":51},"2":{"name":"(anonymous_2)","decl":{"start":{"line":52,"column":59},"end":{"line":52,"column":60}},"loc":{"start":{"line":52,"column":74},"end":{"line":52,"column":111}},"line":52}},"branchMap":{"0":{"loc":{"start":{"line":53,"column":20},"end":{"line":53,"column":73}},"type":"cond-expr","locations":[{"start":{"line":53,"column":35},"end":{"line":53,"column":40}},{"start":{"line":53,"column":43},"end":{"line":53,"column":73}}],"line":53}},"s":{"0":2,"1":2,"2":2,"3":2,"4":2,"5":2,"6":2,"7":2,"8":2,"9":2,"10":2,"11":2,"12":2,"13":2,"14":2,"15":10,"16":2,"17":2,"18":2,"19":2,"20":2},"f":{"0":2,"1":2,"2":10},"b":{"0":[1,1]},"_coverageSchema":"332fd63041d2c1bcb487cc26dd0d5f7d97098a6c","hash":"9dd1454fdbb806e1b1bc8263b6dae30f246bd2bd"}
,"D:\\Arsalwali\\Development\\ReactNative\\myNotes\\src\\screens\\NoteModal.js": {"path":"D:\\Arsalwali\\Development\\ReactNative\\myNotes\\src\\screens\\NoteModal.js","statementMap":{"0":{"start":{"line":1,"column":42},"end":{"line":1,"column":97}},"1":{"start":{"line":1,"column":98},"end":{"line":1,"column":160}},"2":{"start":{"line":1,"column":160},"end":{"line":1,"column":231}},"3":{"start":{"line":1,"column":254},"end":{"line":1,"column":326}},"4":{"start":{"line":1,"column":361},"end":{"line":1,"column":444}},"5":{"start":{"line":1,"column":468},"end":{"line":1,"column":540}},"6":{"start":{"line":1,"column":561},"end":{"line":1,"column":630}},"7":{"start":{"line":1,"column":648},"end":{"line":1,"column":714}},"8":{"start":{"line":1,"column":728},"end":{"line":1,"column":768}},"9":{"start":{"line":2,"column":19},"end":{"line":2,"column":42}},"10":{"start":{"line":11,"column":18},"end":{"line":11,"column":40}},"11":{"start":{"line":12,"column":22},"end":{"line":12,"column":49}},"12":{"start":{"line":13,"column":16},"end":{"line":13,"column":58}},"13":{"start":{"line":14,"column":18},"end":{"line":14,"column":42}},"14":{"start":{"line":15,"column":13},"end":{"line":15,"column":32}},"15":{"start":{"line":15,"column":52},"end":{"line":15,"column":130}},"16":{"start":{"line":17,"column":13},"end":{"line":45,"column":42}},"17":{"start":{"line":49,"column":12},"end":{"line":194,"column":54}},"18":{"start":{"line":49,"column":41},"end":{"line":49,"column":94}},"19":{"start":{"line":49,"column":94},"end":{"line":62,"column":10}},"20":{"start":{"line":51,"column":6},"end":{"line":60,"column":7}},"21":{"start":{"line":52,"column":8},"end":{"line":58,"column":59}},"22":{"start":{"line":61,"column":6},"end":{"line":61,"column":18}},"23":{"start":{"line":64,"column":39},"end":{"line":64,"column":86}},"24":{"start":{"line":65,"column":4},"end":{"line":65,"column":119}},"25":{"start":{"line":65,"column":119},"end":{"line":78,"column":57}},"26":{"start":{"line":78,"column":43},"end":{"line":78,"column":55}},"27":{"start":{"line":78,"column":57},"end":{"line":97,"column":6}},"28":{"start":{"line":81,"column":6},"end":{"line":95,"column":7}},"29":{"start":{"line":82,"column":8},"end":{"line":86,"column":38}},"30":{"start":{"line":89,"column":8},"end":{"line":93,"column":38}},"31":{"start":{"line":96,"column":6},"end":{"line":96,"column":30}},"32":{"start":{"line":97,"column":6},"end":{"line":102,"column":6}},"33":{"start":{"line":100,"column":6},"end":{"line":100,"column":110}},"34":{"start":{"line":101,"column":6},"end":{"line":101,"column":30}},"35":{"start":{"line":102,"column":6},"end":{"line":110,"column":6}},"36":{"start":{"line":105,"column":6},"end":{"line":107,"column":7}},"37":{"start":{"line":106,"column":8},"end":{"line":106,"column":32}},"38":{"start":{"line":109,"column":6},"end":{"line":109,"column":70}},"39":{"start":{"line":110,"column":6},"end":{"line":127,"column":6}},"40":{"start":{"line":113,"column":6},"end":{"line":120,"column":7}},"41":{"start":{"line":114,"column":8},"end":{"line":117,"column":37}},"42":{"start":{"line":119,"column":8},"end":{"line":119,"column":15}},"43":{"start":{"line":122,"column":6},"end":{"line":125,"column":36}},"44":{"start":{"line":127,"column":6},"end":{"line":142,"column":6}},"45":{"start":{"line":130,"column":6},"end":{"line":136,"column":7}},"46":{"start":{"line":131,"column":8},"end":{"line":133,"column":32}},"47":{"start":{"line":135,"column":8},"end":{"line":135,"column":15}},"48":{"start":{"line":138,"column":6},"end":{"line":140,"column":31}},"49":{"start":{"line":142,"column":6},"end":{"line":148,"column":6}},"50":{"start":{"line":145,"column":6},"end":{"line":147,"column":7}},"51":{"start":{"line":146,"column":8},"end":{"line":146,"column":36}},"52":{"start":{"line":148,"column":6},"end":{"line":165,"column":88}},"53":{"start":{"line":150,"column":40},"end":{"line":165,"column":86}},"54":{"start":{"line":165,"column":88},"end":{"line":173,"column":205}},"55":{"start":{"line":170,"column":39},"end":{"line":173,"column":203}},"56":{"start":{"line":173,"column":205},"end":{"line":173,"column":352}},"57":{"start":{"line":173,"column":352},"end":{"line":173,"column":365}},"58":{"start":{"line":173,"column":366},"end":{"line":194,"column":10}},"59":{"start":{"line":178,"column":6},"end":{"line":189,"column":39}},"60":{"start":{"line":194,"column":10},"end":{"line":194,"column":27}},"61":{"start":{"line":194,"column":55},"end":{"line":194,"column":85}},"62":{"start":{"line":197,"column":22},"end":{"line":200,"column":1}},"63":{"start":{"line":198,"column":2},"end":{"line":198,"column":13}},"64":{"start":{"line":198,"column":20},"end":{"line":198,"column":36}},"65":{"start":{"line":198,"column":45},"end":{"line":198,"column":63}},"66":{"start":{"line":198,"column":71},"end":{"line":198,"column":88}},"67":{"start":{"line":198,"column":97},"end":{"line":198,"column":115}},"68":{"start":{"line":198,"column":128},"end":{"line":198,"column":150}},"69":{"start":{"line":199,"column":2},"end":{"line":199,"column":92}},"70":{"start":{"line":200,"column":2},"end":{"line":200,"column":44}},"71":{"start":{"line":202,"column":25},"end":{"line":202,"column":159}},"72":{"start":{"line":204,"column":0},"end":{"line":204,"column":72}},"73":{"start":{"line":204,"column":73},"end":{"line":204,"column":100}}},"fnMap":{"0":{"name":"(anonymous_0)","decl":{"start":{"line":49,"column":12},"end":{"line":49,"column":13}},"loc":{"start":{"line":49,"column":40},"end":{"line":194,"column":28}},"line":49},"1":{"name":"getDerivedStateFromProps","decl":{"start":{"line":49,"column":190},"end":{"line":49,"column":214}},"loc":{"start":{"line":50,"column":18},"end":{"line":62,"column":5}},"line":50},"2":{"name":"NoteModal","decl":{"start":{"line":64,"column":11},"end":{"line":64,"column":20}},"loc":{"start":{"line":64,"column":28},"end":{"line":173,"column":366}},"line":64},"3":{"name":"(anonymous_3)","decl":{"start":{"line":78,"column":30},"end":{"line":78,"column":31}},"loc":{"start":{"line":78,"column":42},"end":{"line":78,"column":56}},"line":78},"4":{"name":"(anonymous_4)","decl":{"start":{"line":80,"column":18},"end":{"line":80,"column":19}},"loc":{"start":{"line":80,"column":30},"end":{"line":97,"column":5}},"line":80},"5":{"name":"(anonymous_5)","decl":{"start":{"line":99,"column":20},"end":{"line":99,"column":21}},"loc":{"start":{"line":99,"column":32},"end":{"line":102,"column":5}},"line":99},"6":{"name":"(anonymous_6)","decl":{"start":{"line":104,"column":22},"end":{"line":104,"column":23}},"loc":{"start":{"line":104,"column":34},"end":{"line":110,"column":5}},"line":104},"7":{"name":"(anonymous_7)","decl":{"start":{"line":112,"column":31},"end":{"line":112,"column":32}},"loc":{"start":{"line":112,"column":48},"end":{"line":127,"column":5}},"line":112},"8":{"name":"(anonymous_8)","decl":{"start":{"line":129,"column":23},"end":{"line":129,"column":24}},"loc":{"start":{"line":129,"column":40},"end":{"line":142,"column":5}},"line":129},"9":{"name":"(anonymous_9)","decl":{"start":{"line":144,"column":20},"end":{"line":144,"column":21}},"loc":{"start":{"line":144,"column":37},"end":{"line":148,"column":5}},"line":144},"10":{"name":"(anonymous_10)","decl":{"start":{"line":150,"column":27},"end":{"line":150,"column":28}},"loc":{"start":{"line":150,"column":39},"end":{"line":165,"column":87}},"line":150},"11":{"name":"(anonymous_11)","decl":{"start":{"line":170,"column":26},"end":{"line":170,"column":27}},"loc":{"start":{"line":170,"column":38},"end":{"line":173,"column":204}},"line":170},"12":{"name":"render","decl":{"start":{"line":173,"column":438},"end":{"line":173,"column":444}},"loc":{"start":{"line":177,"column":4},"end":{"line":194,"column":5}},"line":177},"13":{"name":"mapStateToProps","decl":{"start":{"line":197,"column":31},"end":{"line":197,"column":46}},"loc":{"start":{"line":197,"column":54},"end":{"line":200,"column":1}},"line":197}},"branchMap":{"0":{"loc":{"start":{"line":51,"column":6},"end":{"line":60,"column":7}},"type":"if","locations":[{"start":{"line":51,"column":6},"end":{"line":60,"column":7}},{"start":{"line":51,"column":6},"end":{"line":60,"column":7}}],"line":51},"1":{"loc":{"start":{"line":57,"column":17},"end":{"line":57,"column":50}},"type":"cond-expr","locations":[{"start":{"line":57,"column":38},"end":{"line":57,"column":42}},{"start":{"line":57,"column":45},"end":{"line":57,"column":50}}],"line":57},"2":{"loc":{"start":{"line":58,"column":29},"end":{"line":58,"column":56}},"type":"cond-expr","locations":[{"start":{"line":58,"column":44},"end":{"line":58,"column":48}},{"start":{"line":58,"column":51},"end":{"line":58,"column":56}}],"line":58},"3":{"loc":{"start":{"line":81,"column":6},"end":{"line":95,"column":7}},"type":"if","locations":[{"start":{"line":81,"column":6},"end":{"line":95,"column":7}},{"start":{"line":81,"column":6},"end":{"line":95,"column":7}}],"line":81},"4":{"loc":{"start":{"line":105,"column":6},"end":{"line":107,"column":7}},"type":"if","locations":[{"start":{"line":105,"column":6},"end":{"line":107,"column":7}},{"start":{"line":105,"column":6},"end":{"line":107,"column":7}}],"line":105},"5":{"loc":{"start":{"line":113,"column":6},"end":{"line":120,"column":7}},"type":"if","locations":[{"start":{"line":113,"column":6},"end":{"line":120,"column":7}},{"start":{"line":113,"column":6},"end":{"line":120,"column":7}}],"line":113},"6":{"loc":{"start":{"line":130,"column":6},"end":{"line":136,"column":7}},"type":"if","locations":[{"start":{"line":130,"column":6},"end":{"line":136,"column":7}},{"start":{"line":130,"column":6},"end":{"line":136,"column":7}}],"line":130},"7":{"loc":{"start":{"line":145,"column":6},"end":{"line":147,"column":7}},"type":"if","locations":[{"start":{"line":145,"column":6},"end":{"line":147,"column":7}},{"start":{"line":145,"column":6},"end":{"line":147,"column":7}}],"line":145}},"s":{"0":2,"1":2,"2":2,"3":2,"4":2,"5":2,"6":2,"7":2,"8":2,"9":2,"10":2,"11":2,"12":2,"13":2,"14":2,"15":2,"16":2,"17":2,"18":2,"19":2,"20":23,"21":17,"22":6,"23":14,"24":14,"25":14,"26":1,"27":14,"28":3,"29":1,"30":2,"31":3,"32":14,"33":1,"34":1,"35":14,"36":22,"37":19,"38":3,"39":14,"40":2,"41":1,"42":1,"43":1,"44":14,"45":2,"46":1,"47":1,"48":1,"49":14,"50":2,"51":1,"52":14,"53":20,"54":14,"55":20,"56":14,"57":14,"58":2,"59":20,"60":2,"61":2,"62":2,"63":1,"64":1,"65":1,"66":1,"67":1,"68":1,"69":1,"70":2,"71":2,"72":2,"73":2},"f":{"0":2,"1":23,"2":14,"3":1,"4":3,"5":1,"6":22,"7":2,"8":2,"9":2,"10":20,"11":20,"12":20,"13":1},"b":{"0":[17,6],"1":[3,14],"2":[4,13],"3":[1,2],"4":[19,3],"5":[1,1],"6":[1,1],"7":[1,1]},"_coverageSchema":"332fd63041d2c1bcb487cc26dd0d5f7d97098a6c","hash":"1da985f656e479264eaab0a5214a3dde43aefae2"}
,"D:\\Arsalwali\\Development\\ReactNative\\myNotes\\src\\screens\\Notes.js": {"path":"D:\\Arsalwali\\Development\\ReactNative\\myNotes\\src\\screens\\Notes.js","statementMap":{"0":{"start":{"line":1,"column":42},"end":{"line":1,"column":97}},"1":{"start":{"line":1,"column":98},"end":{"line":1,"column":160}},"2":{"start":{"line":1,"column":160},"end":{"line":1,"column":201}},"3":{"start":{"line":1,"column":224},"end":{"line":1,"column":296}},"4":{"start":{"line":1,"column":317},"end":{"line":1,"column":386}},"5":{"start":{"line":1,"column":421},"end":{"line":1,"column":504}},"6":{"start":{"line":1,"column":528},"end":{"line":1,"column":600}},"7":{"start":{"line":1,"column":618},"end":{"line":1,"column":684}},"8":{"start":{"line":1,"column":698},"end":{"line":1,"column":738}},"9":{"start":{"line":2,"column":19},"end":{"line":2,"column":42}},"10":{"start":{"line":3,"column":17},"end":{"line":3,"column":63}},"11":{"start":{"line":4,"column":27},"end":{"line":4,"column":83}},"12":{"start":{"line":5,"column":18},"end":{"line":5,"column":40}},"13":{"start":{"line":6,"column":22},"end":{"line":6,"column":49}},"14":{"start":{"line":7,"column":16},"end":{"line":7,"column":58}},"15":{"start":{"line":8,"column":16},"end":{"line":8,"column":61}},"16":{"start":{"line":9,"column":18},"end":{"line":9,"column":42}},"17":{"start":{"line":10,"column":13},"end":{"line":10,"column":32}},"18":{"start":{"line":10,"column":52},"end":{"line":10,"column":126}},"19":{"start":{"line":12,"column":8},"end":{"line":80,"column":50}},"20":{"start":{"line":12,"column":37},"end":{"line":12,"column":86}},"21":{"start":{"line":13,"column":35},"end":{"line":13,"column":78}},"22":{"start":{"line":14,"column":4},"end":{"line":14,"column":115}},"23":{"start":{"line":14,"column":115},"end":{"line":28,"column":18}},"24":{"start":{"line":28,"column":18},"end":{"line":44,"column":6}},"25":{"start":{"line":32,"column":18},"end":{"line":32,"column":20}},"26":{"start":{"line":33,"column":6},"end":{"line":41,"column":9}},"27":{"start":{"line":34,"column":8},"end":{"line":34,"column":18}},"28":{"start":{"line":34,"column":27},"end":{"line":34,"column":42}},"29":{"start":{"line":34,"column":50},"end":{"line":34,"column":64}},"30":{"start":{"line":34,"column":73},"end":{"line":34,"column":88}},"31":{"start":{"line":35,"column":8},"end":{"line":39,"column":26}},"32":{"start":{"line":43,"column":6},"end":{"line":43,"column":39}},"33":{"start":{"line":44,"column":6},"end":{"line":48,"column":6}},"34":{"start":{"line":47,"column":6},"end":{"line":47,"column":42}},"35":{"start":{"line":48,"column":6},"end":{"line":52,"column":10}},"36":{"start":{"line":50,"column":54},"end":{"line":52,"column":8}},"37":{"start":{"line":51,"column":8},"end":{"line":51,"column":55}},"38":{"start":{"line":52,"column":10},"end":{"line":56,"column":10}},"39":{"start":{"line":54,"column":36},"end":{"line":56,"column":8}},"40":{"start":{"line":55,"column":8},"end":{"line":55,"column":45}},"41":{"start":{"line":56,"column":10},"end":{"line":58,"column":54}},"42":{"start":{"line":58,"column":36},"end":{"line":58,"column":52}},"43":{"start":{"line":58,"column":54},"end":{"line":64,"column":120}},"44":{"start":{"line":60,"column":34},"end":{"line":64,"column":118}},"45":{"start":{"line":64,"column":120},"end":{"line":64,"column":193}},"46":{"start":{"line":64,"column":193},"end":{"line":64,"column":218}},"47":{"start":{"line":64,"column":218},"end":{"line":64,"column":231}},"48":{"start":{"line":64,"column":232},"end":{"line":80,"column":10}},"49":{"start":{"line":64,"column":332},"end":{"line":64,"column":396}},"50":{"start":{"line":64,"column":472},"end":{"line":64,"column":491}},"51":{"start":{"line":69,"column":6},"end":{"line":76,"column":101}},"52":{"start":{"line":80,"column":10},"end":{"line":80,"column":23}},"53":{"start":{"line":80,"column":51},"end":{"line":80,"column":73}},"54":{"start":{"line":83,"column":25},"end":{"line":83,"column":99}},"55":{"start":{"line":85,"column":0},"end":{"line":85,"column":57}},"56":{"start":{"line":85,"column":58},"end":{"line":85,"column":85}}},"fnMap":{"0":{"name":"(anonymous_0)","decl":{"start":{"line":12,"column":8},"end":{"line":12,"column":9}},"loc":{"start":{"line":12,"column":36},"end":{"line":80,"column":24}},"line":12},"1":{"name":"Notes","decl":{"start":{"line":13,"column":11},"end":{"line":13,"column":16}},"loc":{"start":{"line":13,"column":24},"end":{"line":64,"column":232}},"line":13},"2":{"name":"(anonymous_2)","decl":{"start":{"line":31,"column":25},"end":{"line":31,"column":26}},"loc":{"start":{"line":31,"column":50},"end":{"line":44,"column":5}},"line":31},"3":{"name":"(anonymous_3)","decl":{"start":{"line":33,"column":28},"end":{"line":33,"column":29}},"loc":{"start":{"line":33,"column":43},"end":{"line":41,"column":7}},"line":33},"4":{"name":"(anonymous_4)","decl":{"start":{"line":46,"column":17},"end":{"line":46,"column":18}},"loc":{"start":{"line":46,"column":29},"end":{"line":48,"column":5}},"line":46},"5":{"name":"(anonymous_5)","decl":{"start":{"line":50,"column":18},"end":{"line":50,"column":19}},"loc":{"start":{"line":50,"column":53},"end":{"line":52,"column":9}},"line":50},"6":{"name":"(anonymous_6)","decl":{"start":{"line":50,"column":61},"end":{"line":50,"column":62}},"loc":{"start":{"line":50,"column":73},"end":{"line":52,"column":7}},"line":50},"7":{"name":"(anonymous_7)","decl":{"start":{"line":54,"column":20},"end":{"line":54,"column":21}},"loc":{"start":{"line":54,"column":35},"end":{"line":56,"column":9}},"line":54},"8":{"name":"(anonymous_8)","decl":{"start":{"line":54,"column":43},"end":{"line":54,"column":44}},"loc":{"start":{"line":54,"column":55},"end":{"line":56,"column":7}},"line":54},"9":{"name":"(anonymous_9)","decl":{"start":{"line":58,"column":19},"end":{"line":58,"column":20}},"loc":{"start":{"line":58,"column":35},"end":{"line":58,"column":53}},"line":58},"10":{"name":"(anonymous_10)","decl":{"start":{"line":60,"column":17},"end":{"line":60,"column":18}},"loc":{"start":{"line":60,"column":33},"end":{"line":64,"column":119}},"line":60},"11":{"name":"componentDidMount","decl":{"start":{"line":64,"column":311},"end":{"line":64,"column":328}},"loc":{"start":{"line":64,"column":331},"end":{"line":64,"column":397}},"line":64},"12":{"name":"componentWillUnmount","decl":{"start":{"line":64,"column":448},"end":{"line":64,"column":468}},"loc":{"start":{"line":64,"column":471},"end":{"line":64,"column":492}},"line":64},"13":{"name":"render","decl":{"start":{"line":64,"column":529},"end":{"line":64,"column":535}},"loc":{"start":{"line":68,"column":4},"end":{"line":80,"column":5}},"line":68}},"branchMap":{},"s":{"0":1,"1":1,"2":1,"3":1,"4":1,"5":1,"6":1,"7":1,"8":1,"9":1,"10":1,"11":1,"12":1,"13":1,"14":1,"15":1,"16":1,"17":1,"18":1,"19":1,"20":1,"21":8,"22":8,"23":8,"24":8,"25":1,"26":1,"27":1,"28":1,"29":1,"30":1,"31":1,"32":1,"33":8,"34":1,"35":8,"36":2,"37":1,"38":8,"39":2,"40":1,"41":8,"42":1,"43":8,"44":1,"45":8,"46":8,"47":8,"48":1,"49":8,"50":0,"51":10,"52":1,"53":1,"54":1,"55":1,"56":1},"f":{"0":1,"1":8,"2":1,"3":1,"4":1,"5":2,"6":1,"7":2,"8":1,"9":1,"10":1,"11":8,"12":0,"13":10},"b":{},"_coverageSchema":"332fd63041d2c1bcb487cc26dd0d5f7d97098a6c","hash":"0617e9fab4863e823065718c6b1fb1894c87d35a"}
,"D:\\Arsalwali\\Development\\ReactNative\\myNotes\\src\\screens\\actionCreators.js": {"path":"D:\\Arsalwali\\Development\\ReactNative\\myNotes\\src\\screens\\actionCreators.js","statementMap":{"0":{"start":{"line":1,"column":13},"end":{"line":1,"column":75}},"1":{"start":{"line":1,"column":75},"end":{"line":1,"column":141}},"2":{"start":{"line":1,"column":160},"end":{"line":1,"column":184}},"3":{"start":{"line":3,"column":16},"end":{"line":9,"column":24}},"4":{"start":{"line":3,"column":61},"end":{"line":9,"column":23}},"5":{"start":{"line":9,"column":25},"end":{"line":9,"column":55}},"6":{"start":{"line":12,"column":16},"end":{"line":12,"column":80}},"7":{"start":{"line":12,"column":38},"end":{"line":12,"column":79}},"8":{"start":{"line":12,"column":81},"end":{"line":12,"column":111}},"9":{"start":{"line":13,"column":15},"end":{"line":13,"column":98}},"10":{"start":{"line":13,"column":41},"end":{"line":13,"column":97}},"11":{"start":{"line":13,"column":99},"end":{"line":13,"column":127}}},"fnMap":{"0":{"name":"showModal","decl":{"start":{"line":3,"column":25},"end":{"line":3,"column":34}},"loc":{"start":{"line":3,"column":60},"end":{"line":9,"column":24}},"line":3},"1":{"name":"hideModal","decl":{"start":{"line":12,"column":25},"end":{"line":12,"column":34}},"loc":{"start":{"line":12,"column":37},"end":{"line":12,"column":80}},"line":12},"2":{"name":"setColor","decl":{"start":{"line":13,"column":24},"end":{"line":13,"column":32}},"loc":{"start":{"line":13,"column":40},"end":{"line":13,"column":98}},"line":13}},"branchMap":{},"s":{"0":3,"1":3,"2":3,"3":3,"4":1,"5":3,"6":3,"7":1,"8":3,"9":3,"10":1,"11":3},"f":{"0":1,"1":1,"2":1},"b":{},"_coverageSchema":"332fd63041d2c1bcb487cc26dd0d5f7d97098a6c","hash":"da0954c6d0cc8024d609931859e5621bfb5829a3"}
,"D:\\Arsalwali\\Development\\ReactNative\\myNotes\\src\\screens\\actionTypes.js": {"path":"D:\\Arsalwali\\Development\\ReactNative\\myNotes\\src\\screens\\actionTypes.js","statementMap":{"0":{"start":{"line":1,"column":13},"end":{"line":1,"column":75}},"1":{"start":{"line":1,"column":75},"end":{"line":1,"column":144}},"2":{"start":{"line":1,"column":157},"end":{"line":1,"column":164}},"3":{"start":{"line":3,"column":17},"end":{"line":3,"column":39}},"4":{"start":{"line":3,"column":40},"end":{"line":3,"column":72}},"5":{"start":{"line":4,"column":17},"end":{"line":4,"column":39}},"6":{"start":{"line":4,"column":40},"end":{"line":4,"column":72}},"7":{"start":{"line":5,"column":16},"end":{"line":5,"column":37}},"8":{"start":{"line":5,"column":38},"end":{"line":5,"column":68}}},"fnMap":{},"branchMap":{},"s":{"0":4,"1":4,"2":4,"3":4,"4":4,"5":4,"6":4,"7":4,"8":4},"f":{},"b":{},"_coverageSchema":"332fd63041d2c1bcb487cc26dd0d5f7d97098a6c","hash":"538b269ec8b7f353e08f8dd2a5f55be93b6ef070"}
,"D:\\Arsalwali\\Development\\ReactNative\\myNotes\\src\\screens\\reducers.js": {"path":"D:\\Arsalwali\\Development\\ReactNative\\myNotes\\src\\screens\\reducers.js","statementMap":{"0":{"start":{"line":1,"column":42},"end":{"line":1,"column":97}},"1":{"start":{"line":1,"column":98},"end":{"line":1,"column":160}},"2":{"start":{"line":1,"column":160},"end":{"line":1,"column":209}},"3":{"start":{"line":1,"column":230},"end":{"line":1,"column":300}},"4":{"start":{"line":1,"column":320},"end":{"line":1,"column":344}},"5":{"start":{"line":3,"column":20},"end":{"line":8,"column":13}},"6":{"start":{"line":8,"column":14},"end":{"line":8,"column":52}},"7":{"start":{"line":11,"column":0},"end":{"line":22,"column":1}},"8":{"start":{"line":11,"column":33},"end":{"line":11,"column":114}},"9":{"start":{"line":11,"column":128},"end":{"line":11,"column":175}},"10":{"start":{"line":12,"column":2},"end":{"line":20,"column":20}},"11":{"start":{"line":14,"column":6},"end":{"line":14,"column":89}},"12":{"start":{"line":16,"column":6},"end":{"line":16,"column":74}},"13":{"start":{"line":18,"column":6},"end":{"line":18,"column":79}},"14":{"start":{"line":20,"column":6},"end":{"line":20,"column":19}},"15":{"start":{"line":22,"column":2},"end":{"line":22,"column":29}}},"fnMap":{"0":{"name":"_default","decl":{"start":{"line":11,"column":9},"end":{"line":11,"column":17}},"loc":{"start":{"line":11,"column":20},"end":{"line":22,"column":1}},"line":11}},"branchMap":{"0":{"loc":{"start":{"line":11,"column":33},"end":{"line":11,"column":114}},"type":"cond-expr","locations":[{"start":{"line":11,"column":86},"end":{"line":11,"column":98}},{"start":{"line":11,"column":101},"end":{"line":11,"column":114}}],"line":11},"1":{"loc":{"start":{"line":11,"column":33},"end":{"line":11,"column":83}},"type":"binary-expr","locations":[{"start":{"line":11,"column":33},"end":{"line":11,"column":53}},{"start":{"line":11,"column":57},"end":{"line":11,"column":83}}],"line":11},"2":{"loc":{"start":{"line":11,"column":128},"end":{"line":11,"column":175}},"type":"cond-expr","locations":[{"start":{"line":11,"column":151},"end":{"line":11,"column":163}},{"start":{"line":11,"column":166},"end":{"line":11,"column":175}}],"line":11},"3":{"loc":{"start":{"line":12,"column":2},"end":{"line":20,"column":20}},"type":"switch","locations":[{"start":{"line":13,"column":4},"end":{"line":14,"column":89}},{"start":{"line":15,"column":4},"end":{"line":16,"column":74}},{"start":{"line":17,"column":4},"end":{"line":18,"column":79}},{"start":{"line":19,"column":4},"end":{"line":20,"column":19}}],"line":12}},"s":{"0":1,"1":1,"2":1,"3":1,"4":1,"5":1,"6":1,"7":1,"8":4,"9":4,"10":4,"11":1,"12":1,"13":1,"14":1,"15":1},"f":{"0":4},"b":{"0":[3,1],"1":[4,4],"2":[4,0],"3":[1,1,1,1]},"_coverageSchema":"332fd63041d2c1bcb487cc26dd0d5f7d97098a6c","hash":"1896d45939149b817521bbe1c3fe71684fc6c614"}
,"D:\\Arsalwali\\Development\\ReactNative\\myNotes\\src\\theme\\index.js": {"path":"D:\\Arsalwali\\Development\\ReactNative\\myNotes\\src\\theme\\index.js","statementMap":{"0":{"start":{"line":1,"column":13},"end":{"line":1,"column":75}},"1":{"start":{"line":1,"column":75},"end":{"line":1,"column":157}},"2":{"start":{"line":1,"column":184},"end":{"line":1,"column":216}},"3":{"start":{"line":3,"column":13},"end":{"line":15,"column":30}},"4":{"start":{"line":15,"column":31},"end":{"line":15,"column":55}},"5":{"start":{"line":18,"column":14},"end":{"line":22,"column":16}},"6":{"start":{"line":22,"column":17},"end":{"line":22,"column":43}},"7":{"start":{"line":25,"column":16},"end":{"line":26,"column":33}},"8":{"start":{"line":26,"column":34},"end":{"line":26,"column":64}},"9":{"start":{"line":29,"column":16},"end":{"line":32,"column":20}},"10":{"start":{"line":32,"column":21},"end":{"line":32,"column":51}}},"fnMap":{},"branchMap":{},"s":{"0":5,"1":5,"2":5,"3":5,"4":5,"5":5,"6":5,"7":5,"8":5,"9":5,"10":5},"f":{},"b":{},"_coverageSchema":"332fd63041d2c1bcb487cc26dd0d5f7d97098a6c","hash":"d0438a948d0a4fce4b04620aecf39dca891883fe"}
}
