TN:
SF:D:\Arsalwali\Development\ReactNative\myNotes\jest\setup.js
FNF:0
FNH:0
DA:1,7
DA:2,7
DA:4,7
LF:3
LH:3
BRF:0
BRH:0
end_of_record
TN:
SF:D:\Arsalwali\Development\ReactNative\myNotes\src\components\index.js
FN:1,get
FN:1,get
FNF:2
FNH:1
FNDA:0,get
FNDA:20,get
DA:1,20
DA:2,1
LF:2
LH:2
BRF:0
BRH:0
end_of_record
TN:
SF:D:\Arsalwali\Development\ReactNative\myNotes\src\components\ColorPicker\index.js
FN:6,(anonymous_0)
FN:6,ControlledColorPicker
FN:6,componentDidMount
FN:11,render
FNF:4
FNH:4
FNDA:2,(anonymous_0)
FNDA:3,ControlledColorPicker
FNDA:3,componentDidMount
FNDA:3,render
DA:1,2
DA:2,2
DA:3,2
DA:4,2
DA:6,3
DA:8,3
DA:9,2
DA:20,3
DA:29,2
DA:32,2
LF:10
LH:10
BRDA:8,0,0,2
BRDA:8,0,1,1
BRDA:8,1,0,3
BRDA:8,1,1,2
BRF:4
BRH:4
end_of_record
TN:
SF:D:\Arsalwali\Development\ReactNative\myNotes\src\components\Header\index.js
FN:28,Header
FNF:1
FNH:1
FNDA:2,Header
DA:1,2
DA:2,2
DA:3,2
DA:4,2
DA:6,2
DA:29,2
DA:47,2
LF:7
LH:7
BRDA:32,0,0,2
BRDA:32,0,1,1
BRF:2
BRH:2
end_of_record
TN:
SF:D:\Arsalwali\Development\ReactNative\myNotes\src\core\actionCreators\firebase.js
FN:3,addNote
FN:8,editNote
FN:13,deleteNote
FNF:3
FNH:3
FNDA:1,addNote
FNDA:1,editNote
FNDA:1,deleteNote
DA:1,2
DA:3,2
DA:5,2
DA:8,2
DA:10,2
DA:13,2
DA:15,2
LF:7
LH:7
BRF:0
BRH:0
end_of_record
TN:
SF:D:\Arsalwali\Development\ReactNative\myNotes\src\core\actionTypes\firebase.js
FNF:0
FNH:0
DA:1,2
DA:3,2
DA:4,2
DA:5,2
LF:4
LH:4
BRF:0
BRH:0
end_of_record
TN:
SF:D:\Arsalwali\Development\ReactNative\myNotes\src\screens\NoteCard.js
FN:49,NoteCard
FN:51,addColor
FN:52,(anonymous_2)
FNF:3
FNH:3
FNDA:2,NoteCard
FNDA:2,addColor
FNDA:10,(anonymous_2)
DA:1,1
DA:2,1
DA:3,1
DA:4,1
DA:6,1
DA:50,2
DA:51,2
DA:52,10
DA:53,2
DA:54,2
DA:59,2
DA:89,1
LF:12
LH:12
BRDA:53,0,0,1
BRDA:53,0,1,1
BRF:2
BRH:2
end_of_record
TN:
SF:D:\Arsalwali\Development\ReactNative\myNotes\src\screens\NoteModal.js
FN:49,(anonymous_0)
FN:49,getDerivedStateFromProps
FN:64,NoteModal
FN:78,(anonymous_3)
FN:80,(anonymous_4)
FN:99,(anonymous_5)
FN:104,(anonymous_6)
FN:112,(anonymous_7)
FN:129,(anonymous_8)
FN:144,(anonymous_9)
FN:150,(anonymous_10)
FN:170,(anonymous_11)
FN:173,render
FN:197,mapStateToProps
FNF:14
FNH:14
FNDA:1,(anonymous_0)
FNDA:23,getDerivedStateFromProps
FNDA:14,NoteModal
FNDA:1,(anonymous_3)
FNDA:3,(anonymous_4)
FNDA:1,(anonymous_5)
FNDA:22,(anonymous_6)
FNDA:2,(anonymous_7)
FNDA:2,(anonymous_8)
FNDA:2,(anonymous_9)
FNDA:20,(anonymous_10)
FNDA:20,(anonymous_11)
FNDA:20,render
FNDA:1,mapStateToProps
DA:1,1
DA:2,1
DA:11,1
DA:12,1
DA:13,1
DA:14,1
DA:15,1
DA:17,1
DA:49,1
DA:51,23
DA:52,17
DA:61,6
DA:64,14
DA:65,14
DA:78,14
DA:81,3
DA:82,1
DA:89,2
DA:96,3
DA:97,14
DA:100,1
DA:101,1
DA:102,14
DA:105,22
DA:106,19
DA:109,3
DA:110,14
DA:113,2
DA:114,1
DA:119,1
DA:122,1
DA:127,14
DA:130,2
DA:131,1
DA:135,1
DA:138,1
DA:142,14
DA:145,2
DA:146,1
DA:148,14
DA:150,20
DA:165,14
DA:170,20
DA:173,14
DA:178,20
DA:194,1
DA:197,1
DA:198,1
DA:199,1
DA:200,1
DA:202,1
DA:204,1
LF:52
LH:52
BRDA:51,0,0,17
BRDA:51,0,1,6
BRDA:57,1,0,3
BRDA:57,1,1,14
BRDA:58,2,0,4
BRDA:58,2,1,13
BRDA:81,3,0,1
BRDA:81,3,1,2
BRDA:105,4,0,19
BRDA:105,4,1,3
BRDA:113,5,0,1
BRDA:113,5,1,1
BRDA:130,6,0,1
BRDA:130,6,1,1
BRDA:145,7,0,1
BRDA:145,7,1,1
BRF:16
BRH:16
end_of_record
TN:
SF:D:\Arsalwali\Development\ReactNative\myNotes\src\screens\actionCreators.js
FN:3,showModal
FN:12,hideModal
FN:13,setColor
FNF:3
FNH:3
FNDA:1,showModal
FNDA:1,hideModal
FNDA:1,setColor
DA:1,2
DA:3,2
DA:9,2
DA:12,2
DA:13,2
LF:5
LH:5
BRF:0
BRH:0
end_of_record
TN:
SF:D:\Arsalwali\Development\ReactNative\myNotes\src\screens\actionTypes.js
FNF:0
FNH:0
DA:1,3
DA:3,3
DA:4,3
DA:5,3
LF:4
LH:4
BRF:0
BRH:0
end_of_record
TN:
SF:D:\Arsalwali\Development\ReactNative\myNotes\src\screens\reducers.js
FN:11,_default
FNF:1
FNH:1
FNDA:4,_default
DA:1,1
DA:3,1
DA:8,1
DA:11,4
DA:12,4
DA:14,1
DA:16,1
DA:18,1
DA:20,1
DA:22,1
LF:10
LH:10
BRDA:11,0,0,3
BRDA:11,0,1,1
BRDA:11,1,0,4
BRDA:11,1,1,4
BRDA:11,2,0,4
BRDA:11,2,1,0
BRDA:12,3,0,1
BRDA:12,3,1,1
BRDA:12,3,2,1
BRDA:12,3,3,1
BRF:10
BRH:9
end_of_record
TN:
SF:D:\Arsalwali\Development\ReactNative\myNotes\src\theme\index.js
FNF:0
FNH:0
DA:1,4
DA:3,4
DA:15,4
DA:18,4
DA:22,4
DA:25,4
DA:26,4
DA:29,4
DA:32,4
LF:9
LH:9
BRF:0
BRH:0
end_of_record
