TN:
SF:D:\Development\ReactNative\myNotes\jest\setup.js
FNF:0
FNH:0
DA:1,5
DA:2,5
DA:4,5
LF:3
LH:3
BRF:0
BRH:0
end_of_record
TN:
SF:D:\Development\ReactNative\myNotes\src\components\ColorPicker\index.js
FN:6,(anonymous_0)
FN:6,ControlledColorPicker
FN:6,componentDidMount
FN:11,render
FNF:4
FNH:4
FNDA:1,(anonymous_0)
FNDA:3,ControlledColorPicker
FNDA:3,componentDidMount
FNDA:3,render
DA:1,1
DA:2,1
DA:3,1
DA:4,1
DA:6,3
DA:8,3
DA:9,2
DA:20,3
DA:29,1
DA:32,1
LF:10
LH:10
BRDA:8,0,0,2
BRDA:8,0,1,1
BRDA:8,1,0,3
BRDA:8,1,1,2
BRF:4
BRH:4
end_of_record
TN:
SF:D:\Development\ReactNative\myNotes\src\components\Header\index.js
FN:28,Header
FNF:1
FNH:1
FNDA:2,Header
DA:1,1
DA:2,1
DA:3,1
DA:4,1
DA:6,1
DA:29,2
DA:47,1
LF:7
LH:7
BRDA:32,0,0,2
BRDA:32,0,1,1
BRF:2
BRH:2
end_of_record
TN:
SF:D:\Development\ReactNative\myNotes\src\screens\NoteCard.js
FN:49,NoteCard
FN:51,addColor
FN:52,(anonymous_2)
FNF:3
FNH:3
FNDA:2,NoteCard
FNDA:2,addColor
FNDA:10,(anonymous_2)
DA:1,1
DA:2,1
DA:3,1
DA:4,1
DA:6,1
DA:50,2
DA:51,2
DA:52,10
DA:53,2
DA:54,2
DA:59,2
DA:89,1
LF:12
LH:12
BRDA:53,0,0,1
BRDA:53,0,1,1
BRF:2
BRH:2
end_of_record
TN:
SF:D:\Development\ReactNative\myNotes\src\screens\actionCreators.js
FN:3,showModal
FN:12,hideModal
FN:13,setColor
FNF:3
FNH:3
FNDA:1,showModal
FNDA:1,hideModal
FNDA:1,setColor
DA:1,1
DA:3,1
DA:9,1
DA:12,1
DA:13,1
LF:5
LH:5
BRF:0
BRH:0
end_of_record
TN:
SF:D:\Development\ReactNative\myNotes\src\screens\actionTypes.js
FNF:0
FNH:0
DA:1,2
DA:3,2
DA:4,2
DA:5,2
LF:4
LH:4
BRF:0
BRH:0
end_of_record
TN:
SF:D:\Development\ReactNative\myNotes\src\screens\reducers.js
FN:11,_default
FNF:1
FNH:1
FNDA:4,_default
DA:1,1
DA:3,1
DA:8,1
DA:11,4
DA:12,4
DA:14,1
DA:16,1
DA:18,1
DA:20,1
DA:22,1
LF:10
LH:10
BRDA:11,0,0,3
BRDA:11,0,1,1
BRDA:11,1,0,4
BRDA:11,1,1,4
BRDA:11,2,0,4
BRDA:11,2,1,0
BRDA:12,3,0,1
BRDA:12,3,1,1
BRDA:12,3,2,1
BRDA:12,3,3,1
BRF:10
BRH:9
end_of_record
TN:
SF:D:\Development\ReactNative\myNotes\src\theme\index.js
FNF:0
FNH:0
DA:1,3
DA:3,3
DA:15,3
DA:18,3
DA:22,3
DA:25,3
DA:26,3
DA:29,3
DA:32,3
LF:9
LH:9
BRF:0
BRH:0
end_of_record
